<?xml version="1.0" encoding="UTF-8"?>
<testsuite xmlns:xsi="http://www.w3.org/2001/XMLSchema-instance" xsi:noNamespaceSchemaLocation="https://maven.apache.org/surefire/maven-surefire-plugin/xsd/surefire-test-report.xsd" version="3.0.2" name="com.vahor.Usuarios_Backend.UsuariosBackendApplicationTests" time="5.063" tests="1" errors="0" skipped="0" failures="0">
  <properties>
[...]
</properties>
  <testcase name="contextLoads" classname="com.vahor.Usuarios_Backend.UsuariosBackendApplicationTests" time="0.384">
    <system-out><![CDATA[21:57:17.136 [main] INFO org.springframework.test.context.support.AnnotationConfigContextLoaderUtils -- Could not detect default configuration classes for test class [com.vahor.Usuarios_Backend.UsuariosBackendApplicationTests]: UsuariosBackendApplicationTests does not declare any static, non-private, non-final, nested classes annotated with @Configuration.
21:57:17.243 [main] INFO org.springframework.boot.test.context.SpringBootTestContextBootstrapper -- Found @SpringBootConfiguration com.vahor.Usuarios_Backend.UsuariosBackendApplication for test class com.vahor.Usuarios_Backend.UsuariosBackendApplicationTests
21:57:17.388 [main] INFO org.springframework.boot.devtools.restart.RestartApplicationListener -- Restart disabled due to context in which it is running

  .   ____          _            __ _ _
 /\\ / ___'_ __ _ _(_)_ __  __ _ \ \ \ \
( ( )\___ | '_ | '_| | '_ \/ _` | \ \ \ \
 \\/  ___)| |_)| | | | | || (_| |  ) ) ) )
  '  |____| .__|_| |_|_| |_\__, | / / / /
 =========|_|==============|___/=/_/_/_/

 :: Spring Boot ::                (v3.4.0)

2024-12-05T21:57:17.649-06:00  INFO 26484 --- [Usuarios_Backend] [           main] c.v.U.UsuariosBackendApplicationTests    : Starting UsuariosBackendApplicationTests using Java 21.0.4 with PID 26484 (started by gerar in E:\Taller_de_productividad_basada_en_Herramientas_Tecnológicas\Usuarios_Backend\Usuarios_Backend\Usuarios_Backend)
2024-12-05T21:57:17.649-06:00 DEBUG 26484 --- [Usuarios_Backend] [           main] c.v.U.UsuariosBackendApplicationTests    : Running with Spring Boot v3.4.0, Spring v6.2.0
2024-12-05T21:57:17.649-06:00  INFO 26484 --- [Usuarios_Backend] [           main] c.v.U.UsuariosBackendApplicationTests    : No active profile set, falling back to 1 default profile: "default"
2024-12-05T21:57:17.682-06:00 DEBUG 26484 --- [Usuarios_Backend] [           main] o.s.w.c.s.GenericWebApplicationContext   : Refreshing org.springframework.web.context.support.GenericWebApplicationContext@46292372
2024-12-05T21:57:18.421-06:00  INFO 26484 --- [Usuarios_Backend] [           main] .s.d.r.c.RepositoryConfigurationDelegate : Bootstrapping Spring Data JPA repositories in DEFAULT mode.
2024-12-05T21:57:18.480-06:00  INFO 26484 --- [Usuarios_Backend] [           main] .s.d.r.c.RepositoryConfigurationDelegate : Finished Spring Data repository scanning in 50 ms. Found 2 JPA repository interfaces.
2024-12-05T21:57:18.949-06:00  INFO 26484 --- [Usuarios_Backend] [           main] o.hibernate.jpa.internal.util.LogHelper  : HHH000204: Processing PersistenceUnitInfo [name: default]
2024-12-05T21:57:19.005-06:00  INFO 26484 --- [Usuarios_Backend] [           main] org.hibernate.Version                    : HHH000412: Hibernate ORM core version 6.6.2.Final
2024-12-05T21:57:19.059-06:00  INFO 26484 --- [Usuarios_Backend] [           main] o.h.c.internal.RegionFactoryInitiator    : HHH000026: Second-level cache disabled
2024-12-05T21:57:19.328-06:00  INFO 26484 --- [Usuarios_Backend] [           main] o.s.o.j.p.SpringPersistenceUnitInfo      : No LoadTimeWeaver setup: ignoring JPA class transformer
2024-12-05T21:57:19.349-06:00  INFO 26484 --- [Usuarios_Backend] [           main] com.zaxxer.hikari.HikariDataSource       : HikariPool-1 - Starting...
2024-12-05T21:57:19.654-06:00  INFO 26484 --- [Usuarios_Backend] [           main] com.zaxxer.hikari.pool.HikariPool        : HikariPool-1 - Added connection com.mysql.cj.jdbc.ConnectionImpl@11295cb1
2024-12-05T21:57:19.659-06:00  INFO 26484 --- [Usuarios_Backend] [           main] com.zaxxer.hikari.HikariDataSource       : HikariPool-1 - Start completed.
2024-12-05T21:57:19.739-06:00  INFO 26484 --- [Usuarios_Backend] [           main] org.hibernate.orm.connections.pooling    : HHH10001005: Database info:
	Database JDBC URL [Connecting through datasource 'HikariDataSource (HikariPool-1)']
	Database driver: undefined/unknown
	Database version: 8.0.40
	Autocommit mode: undefined/unknown
	Isolation level: undefined/unknown
	Minimum pool size: undefined/unknown
	Maximum pool size: undefined/unknown
2024-12-05T21:57:20.470-06:00  INFO 26484 --- [Usuarios_Backend] [           main] o.h.e.t.j.p.i.JtaPlatformInitiator       : HHH000489: No JTA platform available (set 'hibernate.transaction.jta.platform' to enable JTA platform integration)
2024-12-05T21:57:20.532-06:00  INFO 26484 --- [Usuarios_Backend] [           main] j.LocalContainerEntityManagerFactoryBean : Initialized JPA EntityManagerFactory for persistence unit 'default'
2024-12-05T21:57:20.862-06:00  INFO 26484 --- [Usuarios_Backend] [           main] r$InitializeUserDetailsManagerConfigurer : Global AuthenticationManager configured with UserDetailsService bean with name jpaUserDetailsService
2024-12-05T21:57:21.104-06:00 DEBUG 26484 --- [Usuarios_Backend] [           main] s.w.s.m.m.a.RequestMappingHandlerMapping : 18 mappings in 'requestMappingHandlerMapping'
2024-12-05T21:57:21.213-06:00 DEBUG 26484 --- [Usuarios_Backend] [           main] o.s.w.s.handler.SimpleUrlHandlerMapping  : Patterns [/webjars/**, /**, /swagger-ui*/*swagger-initializer.js, /swagger-ui*/**] in 'resourceHandlerMapping'
2024-12-05T21:57:21.272-06:00 DEBUG 26484 --- [Usuarios_Backend] [           main] o.s.s.web.DefaultSecurityFilterChain     : Will secure any request with filters: DisableEncodeUrlFilter, WebAsyncManagerIntegrationFilter, SecurityContextHolderFilter, HeaderWriterFilter, LogoutFilter, UsernamePasswordAuthenticationFilter, RequestCacheAwareFilter, SecurityContextHolderAwareRequestFilter, AnonymousAuthenticationFilter, ExceptionTranslationFilter, AuthorizationFilter
2024-12-05T21:57:21.422-06:00 DEBUG 26484 --- [Usuarios_Backend] [           main] s.w.s.m.m.a.RequestMappingHandlerAdapter : ControllerAdvice beans: 0 @ModelAttribute, 0 @InitBinder, 1 RequestBodyAdvice, 1 ResponseBodyAdvice
2024-12-05T21:57:21.488-06:00 DEBUG 26484 --- [Usuarios_Backend] [           main] .m.m.a.ExceptionHandlerExceptionResolver : ControllerAdvice beans: 1 @ExceptionHandler, 1 ResponseBodyAdvice
2024-12-05T21:57:21.677-06:00  INFO 26484 --- [Usuarios_Backend] [           main] c.v.U.UsuariosBackendApplicationTests    : Started UsuariosBackendApplicationTests in 4.307 seconds (process running for 5.124)
]]></system-out>
    <system-err><![CDATA[Mockito is currently self-attaching to enable the inline-mock-maker. This will no longer work in future releases of the JDK. Please add Mockito as an agent to your build what is described in Mockito's documentation: https://javadoc.io/doc/org.mockito/mockito-core/latest/org/mockito/Mockito.html#0.3
WARNING: A Java agent has been loaded dynamically (C:\Users\gerar\.m2\repository\net\bytebuddy\byte-buddy-agent\1.15.10\byte-buddy-agent-1.15.10.jar)
WARNING: If a serviceability tool is in use, please run with -XX:+EnableDynamicAgentLoading to hide this warning
WARNING: If a serviceability tool is not in use, please run with -Djdk.instrument.traceUsage for more information
WARNING: Dynamic loading of agents will be disallowed by default in a future release
]]></system-err>
  </testcase>
</testsuite>